2023-01-20 18:52:12 INFO::Writing function arguments to log file
2023-01-20 18:52:12 DEBUG::Function arguments
2023-01-20 18:52:12 DEBUG::Output folder: Families
2023-01-20 18:52:12 DEBUG::Min Abundance: 0.000000
2023-01-20 18:52:12 DEBUG::Min Prevalence: 0.100000
2023-01-20 18:52:12 DEBUG::Normalization: NONE
2023-01-20 18:52:12 DEBUG::Transform: LOG
2023-01-20 18:52:12 DEBUG::Analysis method: LM
2023-01-20 18:52:12 DEBUG::Max significance: 0.250000
2023-01-20 18:52:12 DEBUG::Random effects:
2023-01-20 18:52:12 DEBUG::Fixed effects: Group,Timepoint
2023-01-20 18:52:12 DEBUG::Correction method: BH
2023-01-20 18:52:12 DEBUG::Standardize: TRUE
2023-01-20 18:52:12 DEBUG::Cores: 1
2023-01-20 18:52:12 INFO::Verifying options selected are valid
2023-01-20 18:52:12 INFO::Determining format of input files
2023-01-20 18:52:12 INFO::Input format is data samples as rows and metadata samples as rows
2023-01-20 18:52:12 DEBUG::A total of 40 samples were found in both the data and metadata
2023-01-20 18:52:12 DEBUG::Reordering data/metadata to use same sample ordering
2023-01-20 18:52:12 INFO::Formula for fixed effects: expr ~  Group + Timepoint
2023-01-20 18:52:12 INFO::Factor detected for categorial metadata 'Group'. Provide a reference argument or manually set factor ordering to change reference level.
2023-01-20 18:52:12 INFO::Factor detected for categorial metadata 'Timepoint'. Provide a reference argument or manually set factor ordering to change reference level.
2023-01-20 18:52:12 INFO::Filter data based on min abundance and min prevalence
2023-01-20 18:52:12 INFO::Total samples in data: 40
2023-01-20 18:52:12 INFO::Min samples required with min abundance for a feature not to be filtered: 4.000000
2023-01-20 18:52:12 INFO::Total filtered features: 1065
2023-01-20 18:52:12 INFO::Filtered feature names from abundance and prevalence filtering: X3002523, X3002540, X3003562, X3000180, X3000195, X3003559, X3002554, X3004451, X3003007, X3002672, X3002878, X3000495, X3000179, X3000578, X3004454, X3002687, X3000368, X3000192, X3002543, X3003105, X3004657, X3002595, X3002538, X3002624, X3002642, X3002534, X3002549, X3004457, X3002835, X3002840, X3002542, X3002649, X3001304, X3003564, X3004652, X3003748, X3002827, X3004683, X3000205, X3003036, X3002919, X3002931, X3002942, X3000010, X3002949, X3002955, X3002962, X3000173, X3002674, X3000378, X3002654, X3001407, X3002866, X3002841, X3002558, X3002597, X3002541, X3004699, X3000498, X3004635, X3007075, X3000595, X3000250, X3002545, X3001307, X3001404, X3000596, X3003250, X3002987, X3002988, X3003060, X3002921, X3002932, X3002956, X3002964, X3002943, X3002950, X3004650, X3002242, X3002651, X3004460, X3000178, X3002700, X3002884, X3002526, X3000800, X3000801, X3000802, X3002636, X3002686, X3002824, X3002671, X3002897, X3003009, X3003010, X3002662, X3001413, X3005099, X3002556, X3007050, X3002663, X3004784, X3000181, X3000118, X3002846, X3002481, X3005069, X3002660, X3002650, X3002823, X3002817, X3000593, X3003006, X3000522, X3002557, X3003967, X3003037, X3005010, X3002524, X3003049, X3003048, X3001308, X3002842, X3000230, X3000598, X3001265, X3000182, X3000216, X3003841, X3003950, X3001216, X3003577, X3000792, X3000793, X3000794, X3003952, X3000833, X3000074, X3002986, X3000656, X3000499, X3000502, X3000796, X3004290, X3001214, X3002826, X3002867, X3002561, X3002565, X3002566, X3002892, X3003964, X3000561, X3001299, X3000177, X3000183, X3000174, X3003202, X3002596, X3003051, X3003052, X3003053, X3003067, X3003066, X3000193, X3002569, X3000849, X3002945, X3002908, X3002952, X3002958, X3002963, X3003961, X3003962, X3000811, X3000810, X3004751, X3002244, X3003744, X3002522, X3004659, X3002844, X3002933, X3001816, X3004289, X3004364, X3002703, X3003679, X3003680, X3003681, X3000377, X3000379, X3000149, X3004077, X3005067, X3005068, X3004107, X3000803, X3000804, X3000805, X3004072, X3004075, X3004074, X3004073, X3005063, X3005064, X3002985, X3003693, X3003692, X3003710, X3004056, X3000806, X3000807, X3000808, X3000809, X3003030, X3003031, X3003682, X3004038, X3004680, X3002528, X3002260, X3002380, X3001431, X3004740, X3002819, X3000604, X3005008, X3000481, X3000840, X3001425, X3003014, X3002635, X3004629, X3003561, X3004568, X3000025, X3000024, X3002843, X3000167, X3000822, X3000614, X3004669, X3003206, X3003552, X3000774, X3000775, X3000791, X3000790, X3000789, X3000504, X3000826, X3004448, X3002907, X3002967, X3002971, X3002924, X3002935, X3002598, X3004766, X3000412, X3002681, X3000605, X3000616, X3000168, X3002600, X3004773, X3004782, X3002944, X3002923, X3002957, X3004780, X3001887, X3002625, X3002695, X3002594, X3003774, X3000165, X3004294, X3002871, X3003785, X3000842, X3003772, X3002604, X3000843, X3000844, X3004642, X3000601, X3002865, X3004254, X3002623, X3000172, X3002675, X3002248, X3005045, X3005100, X3001671, X3001780, X3000600, X3002854, X3004123, X3000569, X3005111, X3001808, X3004452, X3001813, X3000090, X3002529, X3001792, X3002925, X3002936, X3000602, X3002894, X3002372, X3000391, X3004606, X3001302, X3000988, X3004292, X3003556, X3003557, X3002628, X3000594, X3000026, X3000565, X3000533, X3000535, X3004191, X3004572, X3000566, X3000781, X3000782, X3002634, X3003558, X3002837, X3002385, X3002711, X3005098, X3001859, X3000462, X3000866, X3000865, X3005035, X3004253, X3002926, X3002937, X3002959, X3002965, X3002909, X3003069, X3002972, X3004291, X3002539, X3002861, X3002640, X3000839, X3003969, X3007122, X3005052, X3002609, X3004042, X3003773, X3002860, X3002830, X3003855, X3003741, X3002639, X3004856, X3001918, X3004573, X3004645, X3000215, X3002586, X3002838, X3000841, X3000784, X3000783, X3000217, X3004749, X3001329, X3002849, X3002850, X3004759, X3004826, X3004450, X3000603, X3001767, X3002881, X3000621, X3002910, X3002968, X3002973, X3002974, X3002927, X3002938, X3004498, X3002667, X3003109, X3002799, X3000572, X3004550, X3002848, X3002366, X3002616, X3002482, X3002485, X3002510, X3002487, X3002511, X3002484, X3002512, X3002492, X3002486, X3002489, X3002483, X3002513, X3002575, X3004574, X3000780, X3000768, X3000413, X3003107, X3002787, X3003110, X3003725, X3002928, X3002939, X3002961, X3002947, X3002911, X3002953, X3002934, X3000237, X3004577, X3003022, X3002188, X3004601, X3000573, X3000846, X3003097, X3002999, X3004539, X3003907, X3001654, X3002832, X3002845, X3004808, X3003905, X3004678, X3004801, X3004556, X3004753, X3000858, X3002858, X3002801, X3004666, X3002267, X3001662, X3000553, X3000549, X3003953, X3003730, X3002646, X3001805, X3000245, X3002873, X3005091, X3005090, X3004641, X3003112, X3002795, X3002872, X3002218, X3000410, X3002756, X3001970, X3003196, X3001809, X3004651, X3002912, X3002969, X3002975, X3002929, X3002940, X3004032, X3004033, X3001777, X3007019, X3001714, X3003583, X3000510, X3002587, X3000448, X3001328, X3004777, X3002666, X3001313, X3001692, X3004658, X3001476, X3002883, X3002226, X3002228, X3001797, X3001610, X3002676, X3004786, X3002853, X3002307, X3000617, X3000848, X3001778, X3002668, X3003198, X3001205, X3003749, X3007010, X3003762, X3003894, X3002669, X3000559, X3001517, X3002631, X3002814, X3002948, X3002913, X3002954, X3002941, X3004542, X3002626, X3004648, X3003011, X3000013, X3004063, X3003186, X3002863, X3002789, X3000444, X3000861, X3005039, X3002191, X3001558, X3000579, X3007112, X3002146, X3002239, X3001600, X3001301, X3004541, X3004596, X3004795, X3005006, X3003716, X3003718, X3003719, X3003670, X3003714, X3003715, X3003720, X3003717, X3003746, X3004757, X3003603, X3002578, X3004608, X3004613, X3004581, X3004582, X3004584, X3004586, X3004587, X3004589, X3004590, X3004591, X3001462, X3004797, X3004764, X3000620, X3003713, X3003801, X3003811, X3001327, X3004441, X3003767, X3004092, X3000856, X3003838, X3003620, X3004035, X3004036, X3003908, X3003980, X3003981, X3003982, X3003983, X3003984, X3003986, X3003987, X3003988, X3003992, X3003989, X3003994, X3003990, X3003991, X3007209, X3005150, X3004085, X3004734, X3004861, X3004637, X3004185, X3004603, X3003115, X3003731, X3005164, X3004332, X3004501, X3000838, X3004544, X3004357, X3004688, X3004517, X3004445, X3004444, X3004470, X3004694, X3004663, X3004559, X3004516, X3004693, X3005096, X3004571, X3007113, X3005121, X3005021, X3005018, X3002882, X3001306, X3001300, X3000316, X3002893, X3000206, X3000254, X3000318, X3004667, X3000263, X3000829, X3000828, X3000491, X3000027, X3002493, X3000423, X3000449, X3003034, X3003033, X3000319, X3002544, X3002825, X3000676, X3000832, X3000830, X3000124, X3000815, X3007013, X3000746, X3002202, X3000186, X3000859, X3000166, X3002607, X3002563, X3002593, X3002572, X3002573, X3007210, X3000501, X3002816, X3000753, X3002895, X3003704, X3003705, X3003698, X3003699, X3003700, X3002868, X3000508, X3000795, X3003550, X3003549, X3003548, X3003576, X3003724, X3003728, X3003727, X3005036, X3002665, X3000847, X3004674, X3003920, X3003954, X3002815, X3002574, X3003440, X3002263, X3003046, X3002874, X3002069, X3000854, X3004768, X3003742, X3003745, X3003039, X3004628, X3003677, X3002233, X3004638, X3007199, X3003199, X3000785, X3003207, X3002008, X3003200, X3005031, X3007204, X3007206, X3000343, X3000194, X3000463, X3002644, X3002683, X3002655, X3002659, X3004089, X3003061, X3002630, X3000347, X3002648, X3002661, X3000363, X3002658, X3002652, X3002685, X3002533, X3003563, X3000251, X3002891, X3002638, X3003565, X3002684, X3002553, X3002536, X3002997, X3004548, X3001400, X3002690, X3001305, X3002828, X3004655, X3007104, X3002656, X3002688, X3000521, X3007105, X3007106, X3003553, X3002645, X3002012, X3000812, X3000592, X3002657, X3003095, X3002157, X3000175, X3003836, X3004039, X3002701, X3003665, X3000380, X3002898, X3003026, X3003012, X3004762, X3004644, X3003059, X3003063, X3003064, X3002627, X3002914, X3004359, X3000326, X3004789, X3000582, X3000606, X3002514, X3003055, X3003056, X3003057, X3002527, X3000851, X3001424, X3004041, X3005166, X3000476, X3003015, X3000599, X3000855, X3003770, X3000478, X3002203, X3001770, X3003793, X3002531, X3007014, X3000197, X3007108, X3001794, X3002277, X3002704, X3002839, X3004675, X3003835, X3003111, X3002599, X3002589, X3002590, X3002641, X3003016, X3000845, X3003203, X3003019, X3003733, X3004099, X3004100, X3002983, X3002982, X3002415, X3002614, X3002856, X3000779, X3000777, X3000778, X3003071, X3002585, X3003854, X3002699, X3000526, X3002857, X3003441, X3004146, X3004605, X3000860, X3001338, X3000853, X3003324, X3000556, X3002629, X3003918, X3002831, X3003106, X3004105, X3002833, X3005097, X3007208, X3001209, X3005046, X3001503, X3003205, X3005047, X3005049, X3002525, X3000392, X3007182, X3003955, X3000816, X3003035, X3000421, X3003971, X3005044, X3004595, X3001458, X3004682, X3000198, X3004094, X3005088, X3007097, X3007098, X3007099, X3003072, X3004466, X3004142, X3004144, X3004143, X3004661, X3004747, X3007101, X3001751, X3001734, X3004091, X3004090, X3001749, X3001731, X3001763, X3004087, X3001735, X3001754, X3001752, X3001743, X3004479, X3004478, X3004086, X3007111, X3002813, X3004113, X3003723, X3007118, X3007027, X3007026, X3007192, X3007191, X3007190, X3007189, X3007188, X3004626, X3003599, X3007107, X3007137, X3005060, X3005061, X3005062, X3005051, X3005015, X3005024, X3005089, X3005087, X3005012, X3005056, X3007033, X3005085, X3007044, X3007042, X3007043, X3007049, X3007041, X3007047, X3007126, X3007069, X3007062, X3007085, X3004054, X3001459, X3004730, X3001461, X3005040, X3005348, X3004684, X3007011, X3006902, X3006957, X3007005, X3006991, X3006105, X3006987, X3006904, X3006943, X3004643, X3006903, X3007017, X3006994, X3006955, X3006996, X3005726, X3006997, X3007006, X3006883, X3007015, X3007002, X3006897, X3006985, X3006090, X3006894, X3001762, X3006922, X3006887, X3006988, X3006896, X3004480, X3006942, X3006972, X3007012, X3006865, X3006868, X3006976, X3006974, X3005334, X3004543, X3005346, X3005674, X3006952, X3006155, X3006871, X3006888, X3006941, X3006973, X3006979, X3007001, X3007004, X3004102, X3000862, X3002583, X3005335, X3006895, X3006890, X3005317, X3005350, X3006984, X3005937, X3006978, X3005682, X3006954, X3006885, X3007028, X3004569, X3001862, X3005775, X3005797, X3007029, X3005792, X3006603, X3004361, X3005793, X3005324, X3007000, X3006963, X3005768, X3005634, X3005323, X3005932, X3005876, X3005874, X3006884, X3006886, X3006882, X3006873, X3006872, X3006995, X3006864, X3006893, X3006892, X3006925, X3005887, X3006981, X3006982, X3006186, X3006171, X3006032, X3006964, X3006965, X3005351, X3006027, X3006924, X3006088, X3005345, X3006863, X3005349, X3006889
2023-01-20 18:52:12 INFO::Total filtered features with variance filtering: 0
2023-01-20 18:52:12 INFO::Filtered feature names from variance filtering:
2023-01-20 18:52:12 INFO::Running selected normalization method: NONE
2023-01-20 18:52:12 INFO::Applying z-score to standardize continuous metadata
2023-01-20 18:52:12 INFO::Running selected transform method: LOG
2023-01-20 18:52:12 INFO::Running selected analysis method: LM
2023-01-20 18:52:12 INFO::Fitting model to feature number 1, X3000190
2023-01-20 18:52:12 INFO::Fitting model to feature number 2, X3007127
2023-01-20 18:52:12 INFO::Fitting model to feature number 3, X3003578
2023-01-20 18:52:12 INFO::Fitting model to feature number 4, X3000516
2023-01-20 18:52:12 INFO::Fitting model to feature number 5, X3002970
2023-01-20 18:52:12 INFO::Fitting model to feature number 6, X3002966
2023-01-20 18:52:12 INFO::Fitting model to feature number 7, X3000375
2023-01-20 18:52:12 INFO::Fitting model to feature number 8, X3002922
2023-01-20 18:52:12 INFO::Fitting model to feature number 9, X3002705
2023-01-20 18:52:12 INFO::Fitting model to feature number 10, X3000005
2023-01-20 18:52:12 INFO::Fitting model to feature number 11, X3003070
2023-01-20 18:52:12 INFO::Fitting model to feature number 12, X3000300
2023-01-20 18:52:12 INFO::Fitting model to feature number 13, X3003922
2023-01-20 18:52:13 INFO::Fitting model to feature number 14, X3003923
2023-01-20 18:52:13 INFO::Fitting model to feature number 15, X3002804
2023-01-20 18:52:13 INFO::Fitting model to feature number 16, X3000196
2023-01-20 18:52:13 INFO::Fitting model to feature number 17, X3000823
2023-01-20 18:52:13 INFO::Fitting model to feature number 18, X3002647
2023-01-20 18:52:13 INFO::Fitting model to feature number 19, X3002930
2023-01-20 18:52:13 INFO::Fitting model to feature number 20, X3005059
2023-01-20 18:52:13 INFO::Fitting model to feature number 21, X3003209
2023-01-20 18:52:13 INFO::Fitting model to feature number 22, X3007180
2023-01-20 18:52:13 INFO::Fitting model to feature number 23, X3002459
2023-01-20 18:52:13 INFO::Fitting model to feature number 24, X3003551
2023-01-20 18:52:13 INFO::Fitting model to feature number 25, X3000518
2023-01-20 18:52:13 INFO::Fitting model to feature number 26, X3004580
2023-01-20 18:52:13 INFO::Fitting model to feature number 27, X3004583
2023-01-20 18:52:13 INFO::Fitting model to feature number 28, X3001855
2023-01-20 18:52:13 INFO::Fitting model to feature number 29, X3004122
2023-01-20 18:52:13 INFO::Fitting model to feature number 30, X3000191
2023-01-20 18:52:13 INFO::Fitting model to feature number 31, X3000567
2023-01-20 18:52:13 INFO::Fitting model to feature number 32, X3005053
2023-01-20 18:52:13 INFO::Fitting model to feature number 33, X3003949
2023-01-20 18:52:13 INFO::Fitting model to feature number 34, X3004588
2023-01-20 18:52:13 INFO::Fitting model to feature number 35, X3002875
2023-01-20 18:52:13 INFO::Fitting model to feature number 36, X3003948
2023-01-20 18:52:13 INFO::Counting total values for each feature
2023-01-20 18:52:13 INFO::Writing filtered data to file Families/features/filtered_data.tsv
2023-01-20 18:52:13 INFO::Writing filtered, normalized data to file Families/features/filtered_data_norm.tsv
2023-01-20 18:52:13 INFO::Writing filtered, normalized, transformed data to file Families/features/filtered_data_norm_transformed.tsv
2023-01-20 18:52:13 WARNING::Deleting existing residuals file: Families/fits/residuals.rds
2023-01-20 18:52:13 INFO::Writing residuals to file Families/fits/residuals.rds
2023-01-20 18:52:13 WARNING::Deleting existing fitted file: Families/fits/fitted.rds
2023-01-20 18:52:13 INFO::Writing fitted values to file Families/fits/fitted.rds
2023-01-20 18:52:13 INFO::Writing all results to file (ordered by increasing q-values): Families/all_results.tsv
2023-01-20 18:52:13 INFO::Writing the significant results (those which are less than or equal to the threshold of 0.250000 ) to file (ordered by increasing q-values): Families/significant_results.tsv
2023-01-20 18:52:13 INFO::Writing heatmap of significant results to file: Families/heatmap.pdf
2023-01-20 18:52:13 INFO::Writing association plots (one for each significant association) to output folder: Families
2023-01-20 18:52:13 INFO::Plotting associations from most to least significant, grouped by metadata
2023-01-20 18:52:13 INFO::Plotting data for metadata number 1, Group
2023-01-20 18:52:13 INFO::Creating boxplot for categorical data, Group vs X3000518
2023-01-20 18:52:13 INFO::Creating boxplot for categorical data, Group vs X3003922
2023-01-20 18:52:14 INFO::Creating boxplot for categorical data, Group vs X3003923
2023-01-20 18:52:14 INFO::Creating boxplot for categorical data, Group vs X3004580
2023-01-20 18:52:14 INFO::Creating boxplot for categorical data, Group vs X3004588
2023-01-20 18:52:14 INFO::Creating boxplot for categorical data, Group vs X3005059
2023-01-20 18:52:15 INFO::Creating boxplot for categorical data, Group vs X3003209
2023-01-20 18:52:15 INFO::Creating boxplot for categorical data, Group vs X3007180
2023-01-20 18:52:15 INFO::Creating boxplot for categorical data, Group vs X3000516
2023-01-20 18:52:15 INFO::Creating boxplot for categorical data, Group vs X3004122
2023-01-20 18:52:15 INFO::Creating boxplot for categorical data, Group vs X3000191
2023-01-20 18:52:16 INFO::Creating boxplot for categorical data, Group vs X3002459
2023-01-20 18:52:16 INFO::Creating boxplot for categorical data, Group vs X3000375
2023-01-20 18:52:16 INFO::Creating boxplot for categorical data, Group vs X3001855
2023-01-20 18:52:16 INFO::Creating boxplot for categorical data, Group vs X3000823
2023-01-20 18:52:17 INFO::Creating boxplot for categorical data, Group vs X3005053
2023-01-20 18:52:17 INFO::Creating boxplot for categorical data, Group vs X3004583
2023-01-20 18:52:17 INFO::Creating boxplot for categorical data, Group vs X3002804
2023-01-20 18:52:17 INFO::Creating boxplot for categorical data, Group vs X3003551
2023-01-20 18:52:18 INFO::Creating boxplot for categorical data, Group vs X3002922
2023-01-20 18:52:18 INFO::Creating boxplot for categorical data, Group vs X3000196
2023-01-20 18:52:18 INFO::Creating boxplot for categorical data, Group vs X3002966
2023-01-20 18:52:18 INFO::Creating boxplot for categorical data, Group vs X3003949
2023-01-20 18:52:19 INFO::Creating boxplot for categorical data, Group vs X3002970
2023-01-20 18:52:19 INFO::Creating boxplot for categorical data, Group vs X3000005
2023-01-20 18:52:19 INFO::Creating boxplot for categorical data, Group vs X3000300
2023-01-20 18:52:19 INFO::Creating boxplot for categorical data, Group vs X3002875
2023-01-20 18:52:22 INFO::Plotting data for metadata number 2, Timepoint
2023-01-20 18:52:22 INFO::Creating boxplot for categorical data, Timepoint vs X3004580
2023-01-20 18:52:22 INFO::Creating boxplot for categorical data, Timepoint vs X3004588
2023-01-20 18:52:22 INFO::Creating boxplot for categorical data, Timepoint vs X3003922
2023-01-20 18:52:22 INFO::Creating boxplot for categorical data, Timepoint vs X3005059
2023-01-20 18:52:23 INFO::Creating boxplot for categorical data, Timepoint vs X3000518
2023-01-20 18:52:23 INFO::Creating boxplot for categorical data, Timepoint vs X3003209
2023-01-20 18:52:23 INFO::Creating boxplot for categorical data, Timepoint vs X3004122
2023-01-20 18:52:23 INFO::Creating boxplot for categorical data, Timepoint vs X3007180
2023-01-20 18:52:24 INFO::Creating boxplot for categorical data, Timepoint vs X3003923
2023-01-20 18:52:24 INFO::Creating boxplot for categorical data, Timepoint vs X3002459
2023-01-20 18:52:24 INFO::Creating boxplot for categorical data, Timepoint vs X3000516
2023-01-20 18:52:24 INFO::Creating boxplot for categorical data, Timepoint vs X3005053
2023-01-20 18:52:25 INFO::Creating boxplot for categorical data, Timepoint vs X3000300
2023-01-20 18:52:25 INFO::Creating boxplot for categorical data, Timepoint vs X3002875
2023-01-20 18:52:25 INFO::Creating boxplot for categorical data, Timepoint vs X3003948
2023-01-20 18:52:25 INFO::Creating boxplot for categorical data, Timepoint vs X3003551
2023-01-20 18:52:25 INFO::Creating boxplot for categorical data, Timepoint vs X3000190
2023-01-20 18:52:26 INFO::Creating boxplot for categorical data, Timepoint vs X3000005
2023-01-20 18:52:26 INFO::Creating boxplot for categorical data, Timepoint vs X3004583
2023-01-20 18:52:26 INFO::Creating boxplot for categorical data, Timepoint vs X3002804
2023-01-20 18:52:26 INFO::Creating boxplot for categorical data, Timepoint vs X3003070
2023-01-20 18:52:27 INFO::Creating boxplot for categorical data, Timepoint vs X3002705
2023-01-20 18:52:27 INFO::Creating boxplot for categorical data, Timepoint vs X3000823
2023-01-20 18:52:27 INFO::Creating boxplot for categorical data, Timepoint vs X3001855
2023-01-20 18:52:27 INFO::Creating boxplot for categorical data, Timepoint vs X3003949
2023-01-20 18:52:28 INFO::Creating boxplot for categorical data, Timepoint vs X3000375
2023-01-20 18:52:28 INFO::Creating boxplot for categorical data, Timepoint vs X3003578
2023-01-20 18:52:28 INFO::Creating boxplot for categorical data, Timepoint vs X3000196
2023-01-20 18:52:29 INFO::Creating boxplot for categorical data, Timepoint vs X3007127
