2023-01-20 18:51:56 INFO::Writing function arguments to log file
2023-01-20 18:51:56 DEBUG::Function arguments
2023-01-20 18:51:56 DEBUG::Output folder: Drug_classes
2023-01-20 18:51:56 DEBUG::Min Abundance: 0.000000
2023-01-20 18:51:56 DEBUG::Min Prevalence: 0.100000
2023-01-20 18:51:56 DEBUG::Normalization: NONE
2023-01-20 18:51:56 DEBUG::Transform: LOG
2023-01-20 18:51:56 DEBUG::Analysis method: LM
2023-01-20 18:51:56 DEBUG::Max significance: 0.250000
2023-01-20 18:51:56 DEBUG::Random effects:
2023-01-20 18:51:56 DEBUG::Fixed effects: Group,Timepoint
2023-01-20 18:51:56 DEBUG::Correction method: BH
2023-01-20 18:51:56 DEBUG::Standardize: TRUE
2023-01-20 18:51:56 DEBUG::Cores: 1
2023-01-20 18:51:56 INFO::Verifying options selected are valid
2023-01-20 18:51:56 INFO::Determining format of input files
2023-01-20 18:51:56 INFO::Input format is data samples as rows and metadata samples as rows
2023-01-20 18:51:56 DEBUG::A total of 40 samples were found in both the data and metadata
2023-01-20 18:51:56 DEBUG::Reordering data/metadata to use same sample ordering
2023-01-20 18:51:56 INFO::Formula for fixed effects: expr ~  Group + Timepoint
2023-01-20 18:51:56 INFO::Factor detected for categorial metadata 'Group'. Provide a reference argument or manually set factor ordering to change reference level.
2023-01-20 18:51:56 INFO::Factor detected for categorial metadata 'Timepoint'. Provide a reference argument or manually set factor ordering to change reference level.
2023-01-20 18:51:56 INFO::Filter data based on min abundance and min prevalence
2023-01-20 18:51:56 INFO::Total samples in data: 40
2023-01-20 18:51:56 INFO::Min samples required with min abundance for a feature not to be filtered: 4.000000
2023-01-20 18:51:56 INFO::Total filtered features: 102
2023-01-20 18:51:56 INFO::Filtered feature names from abundance and prevalence filtering: penam, cephalosporin, disinfecting.agents.and.antiseptics.fluoroquinolone.antibiotic.nucleoside.antibiotic.phenicol.antibiotic, cephalosporin.penam, carbapenem, diaminopyrimidine.antibiotic, lincosamide.antibiotic, streptogramin.A.antibiotic.streptogramin.antibiotic, lincosamide.antibiotic.macrolide.antibiotic.streptogramin.B.antibiotic.streptogramin.antibiotic, lincosamide.antibiotic.macrolide.antibiotic.streptogramin.antibiotic, macrolide.antibiotic, lincosamide.antibiotic.macrolide.antibiotic, glycylcycline.tetracycline.antibiotic, aminocoumarin.antibiotic.carbapenem.cephalosporin.cephamycin.diaminopyrimidine.antibiotic.fluoroquinolone.antibiotic.macrolide.antibiotic.monobactam.penam.penem.peptide.antibiotic.phenicol.antibiotic.sulfonamide.antibiotic.tetracycline.antibiotic, carbapenem.cephalosporin.penam, nucleoside.antibiotic, streptogramin.B.antibiotic.streptogramin.antibiotic, rifamycin.antibiotic, aminocoumarin.antibiotic.aminoglycoside.antibiotic.cephalosporin.diaminopyrimidine.antibiotic.fluoroquinolone.antibiotic.macrolide.antibiotic.penam.phenicol.antibiotic.tetracycline.antibiotic, aminoglycoside.antibiotic.fluoroquinolone.antibiotic, pleuromutilin.antibiotic.streptogramin.A.antibiotic.streptogramin.antibiotic, diaminopyrimidine.antibiotic.fluoroquinolone.antibiotic.phenicol.antibiotic, disinfecting.agents.and.antiseptics.fluoroquinolone.antibiotic, cephalosporin.disinfecting.agents.and.antiseptics.fluoroquinolone.antibiotic.glycylcycline.penam.phenicol.antibiotic.rifamycin.antibiotic.tetracycline.antibiotic, nitroimidazole.antibiotic, aminocoumarin.antibiotic, fluoroquinolone.antibiotic.macrolide.antibiotic.penam.tetracycline.antibiotic, cephalosporin.cephamycin.disinfecting.agents.and.antiseptics.fluoroquinolone.antibiotic.glycylcycline.penam.phenicol.antibiotic.rifamycin.antibiotic.tetracycline.antibiotic, cephalosporin.cephamycin.fluoroquinolone.antibiotic.penam, disinfecting.agents.and.antiseptics.fluoroquinolone.antibiotic.lincosamide.antibiotic.nucleoside.antibiotic.phenicol.antibiotic, fluoroquinolone.antibiotic.nitroimidazole.antibiotic.tetracycline.antibiotic, cephalosporin.fluoroquinolone.antibiotic.monobactam, aminoglycoside.antibiotic.cephalosporin.cephamycin.penam, antibacterial.free.fatty.acids, macrolide.antibiotic.penam, cephalosporin.monobactam.penam, aminocoumarin.antibiotic.aminoglycoside.antibiotic.carbapenem.cephalosporin.cephamycin.diaminopyrimidine.antibiotic.disinfecting.agents.and.antiseptics.fluoroquinolone.antibiotic.macrolide.antibiotic.monobactam.penam.penem.peptide.antibiotic.phenicol.antibiotic.sulfonamide.antibiotic.tetracycline.antibiotic, aminoglycoside.antibiotic.disinfecting.agents.and.antiseptics.fluoroquinolone.antibiotic, aminoglycoside.antibiotic.carbapenem.cephalosporin.cephamycin.disinfecting.agents.and.antiseptics.fluoroquinolone.antibiotic.macrolide.antibiotic.monobactam.penam.penem.phenicol.antibiotic.tetracycline.antibiotic, aminocoumarin.antibiotic.macrolide.antibiotic.monobactam.tetracycline.antibiotic, disinfecting.agents.and.antiseptics.macrolide.antibiotic.tetracycline.antibiotic, disinfecting.agents.and.antiseptics.fluoroquinolone.antibiotic.tetracycline.antibiotic, disinfecting.agents.and.antiseptics.fluoroquinolone.antibiotic.macrolide.antibiotic.phenicol.antibiotic.tetracycline.antibiotic, macrolide.antibiotic.streptogramin.B.antibiotic.streptogramin.antibiotic, lincosamide.antibiotic.macrolide.antibiotic.orthosomycin.antibiotic, lincosamide.antibiotic.pleuromutilin.antibiotic.streptogramin.antibiotic, fusidane.antibiotic, carbapenem.cephalosporin.cephamycin.monobactam.penam.penem.phenicol.antibiotic, sulfonamide.antibiotic, macrolide.antibiotic.streptogramin.antibiotic, carbapenem.cephalosporin.cephamycin, cephalosporin.cephamycin.penam, cephalosporin.monobactam, cephalosporin.monobactam.penam.penem, aminoglycoside.antibiotic.diaminopyrimidine.antibiotic.macrolide.antibiotic.oxazolidinone.antibiotic.phenicol.antibiotic, carbapenem.cephalosporin.diaminopyrimidine.antibiotic.fluoroquinolone.antibiotic.lincosamide.antibiotic.macrolide.antibiotic.penem.phenicol.antibiotic.rifamycin.antibiotic.tetracycline.antibiotic, lincosamide.antibiotic.macrolide.antibiotic.streptogramin.antibiotic.tetracycline.antibiotic, lincosamide.antibiotic.pleuromutilin.antibiotic.streptogramin.A.antibiotic.streptogramin.antibiotic, cephalosporin.fluoroquinolone.antibiotic.fusidane.antibiotic.macrolide.antibiotic, carbapenem.cephalosporin.monobactam.penam.penem, aminocoumarin.antibiotic.macrolide.antibiotic, aminocoumarin.antibiotic.aminoglycoside.antibiotic.carbapenem.cephalosporin.cephamycin.disinfecting.agents.and.antiseptics.fluoroquinolone.antibiotic.glycylcycline.macrolide.antibiotic.penam.penem.peptide.antibiotic.phenicol.antibiotic.rifamycin.antibiotic.tetracycline.antibiotic, disinfecting.agents.and.antiseptics.macrolide.antibiotic, cephamycin, lincosamide.antibiotic.oxazolidinone.antibiotic.phenicol.antibiotic.pleuromutilin.antibiotic.streptogramin.A.antibiotic.streptogramin.antibiotic, mupirocin.like.antibiotic, carbapenem.cephalosporin.cephamycin.penam.penem, disinfecting.agents.and.antiseptics.tetracycline.antibiotic, elfamycin.antibiotic, carbapenem.cephalosporin, peptide.antibiotic.polyamine.antibiotic, carbapenem.cephalosporin.monobactam, carbapenem.penam, cephalosporin.cephamycin, oxazolidinone.antibiotic.phenicol.antibiotic, fluoroquinolone.antibiotic.tetracycline.antibiotic, carbapenem.monobactam.penam, bicyclomycin.like.antibiotic, pleuromutilin.antibiotic, oxazolidinone.antibiotic.phenicol.antibiotic.tetracycline.antibiotic, glycopeptide.antibiotic.lincosamide.antibiotic.oxazolidinone.antibiotic.phenicol.antibiotic.streptogramin.antibiotic, aminocoumarin.antibiotic.aminoglycoside.antibiotic, aminoglycoside.antibiotic.carbapenem.cephalosporin.cephamycin.disinfecting.agents.and.antiseptics.fluoroquinolone.antibiotic.macrolide.antibiotic.penam.phenicol.antibiotic.tetracycline.antibiotic, cephalosporin.cephamycin.fluoroquinolone.antibiotic.macrolide.antibiotic.penam.tetracycline.antibiotic, cephalosporin.disinfecting.agents.and.antiseptics.fluoroquinolone.antibiotic.penam.peptide.antibiotic.tetracycline.antibiotic, carbapenem.diaminopyrimidine.antibiotic.disinfecting.agents.and.antiseptics.macrolide.antibiotic.phenicol.antibiotic.tetracycline.antibiotic, disinfecting.agents.and.antiseptics.nucleoside.antibiotic, fluoroquinolone.antibiotic.macrolide.antibiotic, aminoglycoside.antibiotic.carbapenem.fluoroquinolone.antibiotic.macrolide.antibiotic.tetracycline.antibiotic, aminoglycoside.antibiotic.phenicol.antibiotic.tetracycline.antibiotic, cephalosporin.cephamycin.monobactam.penam.penem, fluoroquinolone.antibiotic.macrolide.antibiotic.phenicol.antibiotic.tetracycline.antibiotic, lincosamide.antibiotic.oxazolidinone.antibiotic.phenicol.antibiotic.streptogramin.antibiotic, cephalosporin.cephamycin.penam.penem, isoniazid.like.antibiotic.rifamycin.antibiotic, aminoglycoside.antibiotic.cephalosporin.fluoroquinolone.antibiotic.macrolide.antibiotic, cephalosporin.penem, carbapenem.cephalosporin.penam.tetracycline.antibiotic, aminocoumarin.antibiotic.aminoglycoside.antibiotic.carbapenem.cephalosporin.cephamycin.diaminopyrimidine.antibiotic.fluoroquinolone.antibiotic.macrolide.antibiotic.monobactam.penam.penem.peptide.antibiotic.phenicol.antibiotic.sulfonamide.antibiotic.tetracycline.antibiotic, cephalosporin.disinfecting.agents.and.antiseptics.fluoroquinolone.antibiotic.glycopeptide.antibiotic.glycylcycline.oxazolidinone.antibiotic.penam.phenicol.antibiotic.rifamycin.antibiotic.tetracycline.antibiotic, aminoglycoside.antibiotic.disinfecting.agents.and.antiseptics.fluoroquinolone.antibiotic.penam.tetracycline.antibiotic, carbapenem.cephalosporin.monobactam.penam
2023-01-20 18:51:56 INFO::Total filtered features with variance filtering: 1
2023-01-20 18:51:56 INFO::Filtered feature names from variance filtering: SampleID
2023-01-20 18:51:56 INFO::Running selected normalization method: NONE
2023-01-20 18:51:56 INFO::Applying z-score to standardize continuous metadata
2023-01-20 18:51:56 INFO::Running selected transform method: LOG
2023-01-20 18:51:57 INFO::Running selected analysis method: LM
2023-01-20 18:51:57 INFO::Fitting model to feature number 1, aminoglycoside.antibiotic
2023-01-20 18:51:57 INFO::Fitting model to feature number 2, tetracycline.antibiotic
2023-01-20 18:51:57 INFO::Fitting model to feature number 3, phenicol.antibiotic
2023-01-20 18:51:57 INFO::Fitting model to feature number 4, lincosamide.antibiotic.macrolide.antibiotic.streptogramin.A.antibiotic.streptogramin.B.antibiotic.streptogramin.antibiotic
2023-01-20 18:51:57 INFO::Fitting model to feature number 5, glycopeptide.antibiotic
2023-01-20 18:51:57 INFO::Fitting model to feature number 6, peptide.antibiotic
2023-01-20 18:51:57 INFO::Fitting model to feature number 7, fluoroquinolone.antibiotic
2023-01-20 18:51:57 INFO::Fitting model to feature number 8, disinfecting.agents.and.antiseptics
2023-01-20 18:51:57 INFO::Fitting model to feature number 9, fluoroquinolone.antibiotic.macrolide.antibiotic.penam
2023-01-20 18:51:57 INFO::Fitting model to feature number 10, phosphonic.acid.antibiotic
2023-01-20 18:51:57 INFO::Fitting model to feature number 11, N.A
2023-01-20 18:51:57 INFO::Fitting model to feature number 12, lincosamide.antibiotic.pleuromutilin.antibiotic.streptogramin.A.antibiotic.streptogramin.B.antibiotic.streptogramin.antibiotic
2023-01-20 18:51:57 INFO::Fitting model to feature number 13, diaminopyrimidine.antibiotic.fluoroquinolone.antibiotic.glycylcycline.nitrofuran.antibiotic.tetracycline.antibiotic
2023-01-20 18:51:57 INFO::Fitting model to feature number 14, carbapenem.cephalosporin.cephamycin.monobactam.penam.penem
2023-01-20 18:51:57 INFO::Fitting model to feature number 15, cephalosporin.penam.penem
2023-01-20 18:51:57 INFO::Fitting model to feature number 16, carbapenem.cephalosporin.cephamycin.disinfecting.agents.and.antiseptics.fluoroquinolone.antibiotic.glycylcycline.monobactam.penam.penem.phenicol.antibiotic.rifamycin.antibiotic.tetracycline.antibiotic
2023-01-20 18:51:57 INFO::Fitting model to feature number 17, aminocoumarin.antibiotic.carbapenem.peptide.antibiotic.rifamycin.antibiotic
2023-01-20 18:51:57 INFO::Fitting model to feature number 18, carbapenem.cephalosporin.cephamycin.penam
2023-01-20 18:51:57 INFO::Fitting model to feature number 19, penam.penem
2023-01-20 18:51:57 INFO::Fitting model to feature number 20, aminoglycoside.antibiotic.cephalosporin.disinfecting.agents.and.antiseptics.macrolide.antibiotic.peptide.antibiotic.rifamycin.antibiotic.tetracycline.antibiotic
2023-01-20 18:51:57 INFO::Fitting model to feature number 21, fluoroquinolone.antibiotic.macrolide.antibiotic.rifamycin.antibiotic
2023-01-20 18:51:57 INFO::Fitting model to feature number 22, aminoglycoside.antibiotic.carbapenem.cephalosporin.fluoroquinolone.antibiotic.macrolide.antibiotic.penam.penem.peptide.antibiotic
2023-01-20 18:51:57 INFO::Counting total values for each feature
2023-01-20 18:51:57 INFO::Writing filtered data to file Drug_classes/features/filtered_data.tsv
2023-01-20 18:51:57 INFO::Writing filtered, normalized data to file Drug_classes/features/filtered_data_norm.tsv
2023-01-20 18:51:57 INFO::Writing filtered, normalized, transformed data to file Drug_classes/features/filtered_data_norm_transformed.tsv
2023-01-20 18:51:57 WARNING::Deleting existing residuals file: Drug_classes/fits/residuals.rds
2023-01-20 18:51:57 INFO::Writing residuals to file Drug_classes/fits/residuals.rds
2023-01-20 18:51:57 WARNING::Deleting existing fitted file: Drug_classes/fits/fitted.rds
2023-01-20 18:51:57 INFO::Writing fitted values to file Drug_classes/fits/fitted.rds
2023-01-20 18:51:57 INFO::Writing all results to file (ordered by increasing q-values): Drug_classes/all_results.tsv
2023-01-20 18:51:57 INFO::Writing the significant results (those which are less than or equal to the threshold of 0.250000 ) to file (ordered by increasing q-values): Drug_classes/significant_results.tsv
2023-01-20 18:51:57 INFO::Writing heatmap of significant results to file: Drug_classes/heatmap.pdf
2023-01-20 18:51:57 INFO::Writing association plots (one for each significant association) to output folder: Drug_classes
2023-01-20 18:51:57 INFO::Plotting associations from most to least significant, grouped by metadata
2023-01-20 18:51:57 INFO::Plotting data for metadata number 1, Group
2023-01-20 18:51:57 INFO::Creating boxplot for categorical data, Group vs fluoroquinolone.antibiotic.macrolide.antibiotic.penam
2023-01-20 18:51:57 INFO::Creating boxplot for categorical data, Group vs diaminopyrimidine.antibiotic.fluoroquinolone.antibiotic.glycylcycline.nitrofuran.antibiotic.tetracycline.antibiotic
2023-01-20 18:51:57 INFO::Creating boxplot for categorical data, Group vs aminoglycoside.antibiotic.cephalosporin.disinfecting.agents.and.antiseptics.macrolide.antibiotic.peptide.antibiotic.rifamycin.antibiotic.tetracycline.antibiotic
2023-01-20 18:51:58 INFO::Creating boxplot for categorical data, Group vs aminoglycoside.antibiotic.carbapenem.cephalosporin.fluoroquinolone.antibiotic.macrolide.antibiotic.penam.penem.peptide.antibiotic
2023-01-20 18:51:58 INFO::Creating boxplot for categorical data, Group vs aminocoumarin.antibiotic.carbapenem.peptide.antibiotic.rifamycin.antibiotic
2023-01-20 18:51:58 INFO::Creating boxplot for categorical data, Group vs peptide.antibiotic
2023-01-20 18:51:58 INFO::Creating boxplot for categorical data, Group vs phosphonic.acid.antibiotic
2023-01-20 18:51:59 INFO::Creating boxplot for categorical data, Group vs cephalosporin.penam.penem
2023-01-20 18:51:59 INFO::Creating boxplot for categorical data, Group vs fluoroquinolone.antibiotic
2023-01-20 18:51:59 INFO::Creating boxplot for categorical data, Group vs carbapenem.cephalosporin.cephamycin.monobactam.penam.penem
2023-01-20 18:51:59 INFO::Creating boxplot for categorical data, Group vs penam.penem
2023-01-20 18:51:59 INFO::Creating boxplot for categorical data, Group vs lincosamide.antibiotic.macrolide.antibiotic.streptogramin.A.antibiotic.streptogramin.B.antibiotic.streptogramin.antibiotic
2023-01-20 18:52:00 INFO::Creating boxplot for categorical data, Group vs carbapenem.cephalosporin.cephamycin.penam
2023-01-20 18:52:00 INFO::Creating boxplot for categorical data, Group vs carbapenem.cephalosporin.cephamycin.disinfecting.agents.and.antiseptics.fluoroquinolone.antibiotic.glycylcycline.monobactam.penam.penem.phenicol.antibiotic.rifamycin.antibiotic.tetracycline.antibiotic
2023-01-20 18:52:00 INFO::Creating boxplot for categorical data, Group vs disinfecting.agents.and.antiseptics
2023-01-20 18:52:00 INFO::Creating boxplot for categorical data, Group vs lincosamide.antibiotic.pleuromutilin.antibiotic.streptogramin.A.antibiotic.streptogramin.B.antibiotic.streptogramin.antibiotic
2023-01-20 18:52:01 INFO::Creating boxplot for categorical data, Group vs N.A
2023-01-20 18:52:01 INFO::Creating boxplot for categorical data, Group vs fluoroquinolone.antibiotic.macrolide.antibiotic.rifamycin.antibiotic
2023-01-20 18:52:04 INFO::Plotting data for metadata number 2, Timepoint
2023-01-20 18:52:04 INFO::Creating boxplot for categorical data, Timepoint vs aminoglycoside.antibiotic.cephalosporin.disinfecting.agents.and.antiseptics.macrolide.antibiotic.peptide.antibiotic.rifamycin.antibiotic.tetracycline.antibiotic
2023-01-20 18:52:04 INFO::Creating boxplot for categorical data, Timepoint vs aminoglycoside.antibiotic.carbapenem.cephalosporin.fluoroquinolone.antibiotic.macrolide.antibiotic.penam.penem.peptide.antibiotic
2023-01-20 18:52:04 INFO::Creating boxplot for categorical data, Timepoint vs fluoroquinolone.antibiotic.macrolide.antibiotic.penam
2023-01-20 18:52:04 INFO::Creating boxplot for categorical data, Timepoint vs aminocoumarin.antibiotic.carbapenem.peptide.antibiotic.rifamycin.antibiotic
2023-01-20 18:52:05 INFO::Creating boxplot for categorical data, Timepoint vs phosphonic.acid.antibiotic
2023-01-20 18:52:05 INFO::Creating boxplot for categorical data, Timepoint vs carbapenem.cephalosporin.cephamycin.monobactam.penam.penem
2023-01-20 18:52:05 INFO::Creating boxplot for categorical data, Timepoint vs cephalosporin.penam.penem
2023-01-20 18:52:06 INFO::Creating boxplot for categorical data, Timepoint vs disinfecting.agents.and.antiseptics
2023-01-20 18:52:06 INFO::Creating boxplot for categorical data, Timepoint vs penam.penem
2023-01-20 18:52:06 INFO::Creating boxplot for categorical data, Timepoint vs fluoroquinolone.antibiotic
2023-01-20 18:52:06 INFO::Creating boxplot for categorical data, Timepoint vs diaminopyrimidine.antibiotic.fluoroquinolone.antibiotic.glycylcycline.nitrofuran.antibiotic.tetracycline.antibiotic
2023-01-20 18:52:07 INFO::Creating boxplot for categorical data, Timepoint vs N.A
2023-01-20 18:52:07 INFO::Creating boxplot for categorical data, Timepoint vs lincosamide.antibiotic.pleuromutilin.antibiotic.streptogramin.A.antibiotic.streptogramin.B.antibiotic.streptogramin.antibiotic
2023-01-20 18:52:07 INFO::Creating boxplot for categorical data, Timepoint vs fluoroquinolone.antibiotic.macrolide.antibiotic.rifamycin.antibiotic
2023-01-20 18:52:07 INFO::Creating boxplot for categorical data, Timepoint vs peptide.antibiotic
2023-01-20 18:52:07 INFO::Creating boxplot for categorical data, Timepoint vs phenicol.antibiotic
2023-01-20 18:52:08 INFO::Creating boxplot for categorical data, Timepoint vs carbapenem.cephalosporin.cephamycin.penam
2023-01-20 18:52:08 INFO::Creating boxplot for categorical data, Timepoint vs carbapenem.cephalosporin.cephamycin.disinfecting.agents.and.antiseptics.fluoroquinolone.antibiotic.glycylcycline.monobactam.penam.penem.phenicol.antibiotic.rifamycin.antibiotic.tetracycline.antibiotic
2023-01-20 18:52:08 INFO::Creating boxplot for categorical data, Timepoint vs lincosamide.antibiotic.macrolide.antibiotic.streptogramin.A.antibiotic.streptogramin.B.antibiotic.streptogramin.antibiotic
2023-01-20 18:52:08 INFO::Creating boxplot for categorical data, Timepoint vs glycopeptide.antibiotic
